<?xml version="1.0" encoding="UTF-8"?>
<!-- Generated by org.testng.reporters.JUnitReportReporter -->
<testsuite hostname="KUBNEEZ" failures="0" tests="6" name="test.day4" time="0.014" errors="0" timestamp="2023-12-29T17:01:26 IST" skipped="1">
  <testcase classname="test.day4" name="WebloginCarloan" time="0.003"/>
  <system-out/>
  <testcase classname="test.day4" name="MobileloginCarloan" time="0.006"/>
  <system-out/>
  <testcase classname="test.day4" name="MobileloginCarloan" time="0.001"/>
  <system-out/>
  <testcase classname="test.day4" name="MobileloginCarloan" time="0.002"/>
  <system-out/>
  <testcase classname="test.day4" name="MobilesignUpCarloan" time="0.002"/>
  <system-out/>
  <testcase classname="test.day4" name="MobilesignInCarloan">
    <skipped/>
  </testcase> <!-- MobilesignInCarloan -->
  <system-out/>
</testsuite> <!-- test.day4 -->
