<?xml version="1.0" encoding="UTF-8"?>
<!-- Generated by org.testng.reporters.JUnitReportReporter -->
<testsuite hostname="KUBNEEZ" failures="0" tests="1" name="test.day1" time="0.008" errors="0" timestamp="2023-12-29T17:01:26 IST" skipped="0">
  <testcase classname="test.day1" name="Demo" time="0.008"/>
  <system-out/>
</testsuite> <!-- test.day1 -->
