<?xml version="1.0" encoding="UTF-8"?>
<!-- Generated by org.testng.reporters.JUnitReportReporter -->
<testsuite hostname="KUBNEEZ" failures="0" tests="3" name="test.day3" time="0.005" errors="0" timestamp="2023-12-29T17:01:26 IST" skipped="0">
  <testcase classname="test.day3" name="MobileloginHomeloan" time="0.002"/>
  <system-out/>
  <testcase classname="test.day3" name="loginAPIHomeloan" time="0.001"/>
  <system-out/>
  <testcase classname="test.day3" name="WebloginHomeloan" time="0.002"/>
  <system-out/>
</testsuite> <!-- test.day3 -->
