<?xml version="1.0" encoding="UTF-8"?>
<!-- Generated by org.testng.reporters.JUnitReportReporter -->
<testsuite hostname="KUBNEEZ" failures="0" tests="2" name="TestNg1.TestNgclass1" time="0.011" errors="0" timestamp="2023-12-28T17:26:52 IST" skipped="0">
  <testcase classname="TestNg1.TestNgclass1" name="Demo1" time="0.001"/>
  <system-out/>
  <testcase classname="TestNg1.TestNgclass1" name="Demo" time="0.010"/>
  <system-out/>
</testsuite> <!-- TestNg1.TestNgclass1 -->
