<?xml version="1.0" encoding="UTF-8"?>
<!-- Generated by org.testng.reporters.JUnitReportReporter -->
<testsuite hostname="KUBNEEZ" failures="0" tests="1" name="inheritance.Ps1" time="0.005" errors="0" timestamp="2023-12-30T19:42:57 IST" skipped="0">
  <testcase classname="inheritance.Ps1" name="testRun" time="0.005"/>
  <system-out/>
</testsuite> <!-- inheritance.Ps1 -->
