<?xml version="1.0" encoding="UTF-8"?>
<!-- Generated by org.testng.reporters.JUnitReportReporter -->
<testsuite hostname="KUBNEEZ" failures="0" tests="2" name="qaclickacademy.AppiumTest" time="0.005" errors="0" timestamp="2024-01-31T19:05:23 IST" skipped="0">
  <testcase classname="qaclickacademy.AppiumTest" name="IOSApps" time="0.004"/>
  <testcase classname="qaclickacademy.AppiumTest" name="NativeAppAndroid" time="0.001"/>
</testsuite> <!-- qaclickacademy.AppiumTest -->
